configure: Configuration created at Sat May 30 15:23:45 CST 2020.
checking for basename... /usr/bin/basename
checking for bash... /bin/bash
checking for cat... /bin/cat
checking for chmod... /bin/chmod
checking for cmp... /usr/bin/cmp
checking for comm... /usr/bin/comm
checking for cp... /bin/cp
checking for cut... /usr/bin/cut
checking for date... /bin/date
checking for gdiff... no
checking for diff... /usr/bin/diff
checking for dirname... /usr/bin/dirname
checking for echo... /bin/echo
checking for expr... /bin/expr
checking for file... /usr/bin/file
checking for find... /usr/bin/find
checking for head... /usr/bin/head
checking for gunzip... /usr/bin/gunzip
checking for pigz... no
checking for gzip... /usr/bin/gzip
checking for ln... /bin/ln
checking for ls... /bin/ls
checking for gmkdir... no
checking for mkdir... /bin/mkdir
checking for mktemp... /usr/bin/mktemp
checking for mv... /bin/mv
checking for nawk... no
checking for gawk... no
checking for awk... /usr/bin/awk
checking for printf... /usr/bin/printf
checking for greadlink... no
checking for readlink... /usr/bin/readlink
checking for rm... /bin/rm
checking for rmdir... /bin/rmdir
checking for sh... /bin/sh
checking for sort... /usr/bin/sort
checking for tail... /usr/bin/tail
checking for gtar... no
checking for tar... /usr/bin/tar
checking for tee... /usr/bin/tee
checking for touch... /usr/bin/touch
checking for tr... /usr/bin/tr
checking for uname... /usr/bin/uname
checking for uniq... /usr/bin/uniq
checking for wc... /usr/bin/wc
checking for which... /usr/bin/which
checking for xargs... /usr/bin/xargs
checking for gawk... no
checking for mawk... no
checking for nawk... no
checking for awk... awk
checking for grep that handles long lines and -e... /usr/bin/grep
checking for egrep... /usr/bin/grep -E
checking for fgrep... /usr/bin/grep -F
checking for a sed that does not truncate output... /usr/bin/sed
checking for cygpath... no
checking for df... /bin/df
checking for cpio... /usr/bin/cpio
checking for nice... /usr/bin/nice
checking for pandoc... no
checking build system type... x86_64-apple-darwin19.5.0
checking host system type... x86_64-apple-darwin19.5.0
checking target system type... x86_64-apple-darwin19.5.0
checking openjdk-build os-cpu... macosx-x86_64
checking openjdk-target os-cpu... macosx-x86_64
configure: --with-target-bits are set to build platform address size; argument has no meaning
checking compilation type... native
checking for top-level directory... /Users/dongguabai/Desktop/temp/openjdk12/openjdk
checking if custom source is suppressed (openjdk-only)... no
checking which debug level to use... slowdebug
checking which variants of the JVM to build... server client
checking for xcodebuild... /usr/bin/xcodebuild
checking for sdk name... 
checking for sysroot... /Applications/Xcode.app/Contents/Developer/Platforms/MacOSX.platform/Developer/SDKs/MacOSX10.15.sdk
checking for toolchain path... 
checking for extra path... 
checking where to store configuration... in default location
checking what configuration name to use... macosx-x86_64-serverANDclient-slowdebug
checking for apt-get... no
checking for yum... no
checking for brew... brew
checking for gmake... no
checking for make... /usr/bin/make
configure: Testing potential make at /usr/bin/make, found using make in PATH
configure: Using GNU make at /usr/bin/make (version: GNU Make 3.81)
checking if make --output-sync is supported... no
checking if find supports -delete... yes
checking what type of tar was found... bsd
checking that grep (/usr/bin/grep) -Fx handles empty lines in the pattern list correctly... yes
checking for unzip... /usr/bin/unzip
checking for zip... /usr/bin/zip
checking for ldd... no
checking for greadelf... no
checking for readelf... no
checking for dot... no
checking for hg... no
checking for git... /usr/local/bin/git
checking for stat... /usr/bin/stat
checking for time... /usr/bin/time
checking for flock... no
checking for dtrace... /usr/sbin/dtrace
checking for gpatch... no
checking for patch... /usr/bin/patch
checking for dsymutil... /usr/bin/dsymutil
checking for mig... /usr/bin/mig
checking for xattr... /usr/bin/xattr
checking for codesign... /usr/bin/codesign
checking if openjdk_codesign certificate is present... no
checking for SetFile... /usr/bin/SetFile
checking bash version... 3.2.57
checking if bash supports pipefail... yes
checking if bash supports errexit (-e)... yes
checking for pkg-config... no
checking for default LOG value... 
checking headless only... no
checking for graphviz dot... no, cannot generate full docs
checking for pandoc... no, cannot generate full docs
checking full docs... no, missing dependencies
checking for cacerts file... default
checking for jni library path... default
checking if packaged modules are kept... yes (default)
checking for version string... 12-internal+0-adhoc.root.openjdk
Unable to find any JVMs matching version "(null)".
No Java runtime present, try --request to install.
configure: Found potential Boot JDK using /usr/libexec/java_home 
configure: Potential Boot JDK found at  did not contain bin/java; ignoring
Unable to find any JVMs matching version "1.9".
No Java runtime present, try --request to install.
configure: Found potential Boot JDK using /usr/libexec/java_home -v 1.9
configure: Potential Boot JDK found at  did not contain bin/java; ignoring
Unable to find any JVMs matching version "1.8".
No Java runtime present, try --request to install.
configure: Found potential Boot JDK using /usr/libexec/java_home -v 1.8
configure: Potential Boot JDK found at  did not contain bin/java; ignoring
Unable to find any JVMs matching version "1.7".
No Java runtime present, try --request to install.
configure: Found potential Boot JDK using /usr/libexec/java_home -v 1.7
configure: Potential Boot JDK found at  did not contain bin/java; ignoring
checking for javac... /Users/dongguabai/develope/java11/JavaVirtualMachines/jdk-11.0.2.jdk/Contents/Home/bin/javac
checking for java... /Users/dongguabai/develope/java11/JavaVirtualMachines/jdk-11.0.2.jdk/Contents/Home/bin/java
configure: Found potential Boot JDK using java(c) in PATH
checking for Boot JDK... /Users/dongguabai/develope/java11/JavaVirtualMachines/jdk-11.0.2.jdk/Contents/Home
checking Boot JDK version... java version "11.0.2" 2019-01-15 LTS Java(TM) SE Runtime Environment 18.9 (build 11.0.2+9-LTS) Java HotSpot(TM) 64-Bit Server VM 18.9 (build 11.0.2+9-LTS, mixed mode) 
checking for java in Boot JDK... ok
checking for javac in Boot JDK... ok
checking for javadoc in Boot JDK... ok
checking for jar in Boot JDK... ok
checking for jarsigner in Boot JDK... ok
checking if Boot JDK is 32 or 64 bits... 64
checking for local Boot JDK Class Data Sharing (CDS)... yes, created
checking for Build JDK... yes, will use output dir
configure: Xcode major version: 11
configure: Using default toolchain clang (clang/LLVM)
checking for clang... /usr/bin/clang
checking resolved symbolic links for CC... no symlink
configure: Using clang C compiler version 11.0.3 [Apple clang version 11.0.3 (clang-1103.0.32.62) Target: x86_64-apple-darwin19.5.0 Thread model: posix InstalledDir: /Applications/Xcode.app/Contents/Developer/Toolchains/XcodeDefault.xctoolchain/usr/bin]
checking whether the C compiler works... yes
checking for C compiler default output file name... a.out
checking for suffix of executables... 
checking whether we are cross compiling... no
checking for suffix of object files... o
checking whether we are using the GNU C compiler... yes
checking whether /usr/bin/clang accepts -g... yes
checking for /usr/bin/clang option to accept ISO C89... none needed
checking for clang++... /usr/bin/clang++
checking resolved symbolic links for CXX... no symlink
configure: Using clang C++ compiler version 11.0.3 [Apple clang version 11.0.3 (clang-1103.0.32.62) Target: x86_64-apple-darwin19.5.0 Thread model: posix InstalledDir: /Applications/Xcode.app/Contents/Developer/Toolchains/XcodeDefault.xctoolchain/usr/bin]
checking whether we are using the GNU C++ compiler... yes
checking whether /usr/bin/clang++ accepts -g... yes
checking how to run the C preprocessor... /usr/bin/clang -E
checking how to run the C++ preprocessor... /usr/bin/clang++ -E
configure: Using clang linker version 556.6 [@(#)PROGRAM:ld  PROJECT:ld64-556.6]
checking for ar... ar
configure: Rewriting AR to "/usr/bin/ar"
checking for lipo... /usr/bin/lipo
checking for otool... /usr/bin/otool
checking for install_name_tool... /usr/bin/install_name_tool
checking for strip... strip
configure: Rewriting STRIP to "/usr/bin/strip"
checking for nm... nm
configure: Rewriting NM to "/usr/bin/nm"
checking for gobjdump... no
checking for objdump... objdump
configure: Rewriting OBJDUMP to "/usr/bin/objdump"
checking for c++filt... c++filt
configure: Rewriting CXXFILT to "/usr/bin/c++filt"
checking for jtreg... no
checking for jtreg test harness... no, not found
checking for jmh (Java Microbenchmark Harness)... no, disabled
checking for jib... no
checking if the C compiler supports "-m64"... yes
checking if the C++ compiler supports "-m64"... yes
checking if both compilers support "-m64"... yes
checking for ANSI C header files... yes
checking for sys/types.h... yes
checking for sys/stat.h... yes
checking for stdlib.h... yes
checking for string.h... yes
checking for memory.h... yes
checking for strings.h... yes
checking for inttypes.h... yes
checking for stdint.h... yes
checking for unistd.h... yes
checking stdio.h usability... yes
checking stdio.h presence... yes
checking for stdio.h... yes
checking size of int *... 8
checking for target address size... 64 bits
checking whether byte ordering is bigendian... no
checking if native warnings are errors... no (explicitly set)
checking for library containing clock_gettime... none required
checking if the C compiler supports "-ffp-contract=off"... yes
checking if the C++ compiler supports "-ffp-contract=off"... yes
checking if both compilers support "-ffp-contract=off"... yes
checking what type of native debug symbols to use... external
checking for dtrace tool... /usr/sbin/dtrace
checking sys/sdt.h usability... yes
checking sys/sdt.h presence... yes
checking for sys/sdt.h... yes
checking if dtrace should be built... yes, dependencies present
checking if Hotspot gtest unit tests should be built... yes
checking cups/cups.h usability... yes
checking cups/cups.h presence... yes
checking for cups/cups.h... yes
checking cups/ppd.h usability... yes
checking cups/ppd.h presence... yes
checking for cups/ppd.h... yes
Using freetype: bundled
checking for which libjpeg to use... bundled
checking for which giflib to use... bundled
checking for PNG... checking for which libpng to use... bundled
checking for compress in -lz... yes
checking for which zlib to use... system
checking for system zlib functionality... ok
checking for which lcms to use... bundled
checking for cos in -lm... yes
checking for dlopen in -ldl... yes
checking if shenandoah can be built... yes
checking if zgc can be built... no, platform not supported
checking if jvmci module jdk.internal.vm.ci should be built... yes
checking if graal module jdk.internal.vm.compiler should be built... yes
checking if aot should be enabled... yes
checking if cds should be enabled... yes
checking if elliptic curve crypto implementation is present... yes
checking if jtreg failure handler should be built... no, missing jtreg
checking if the CDS classlist generation should be enabled... yes
checking if any translations should be excluded... no
checking if static man pages should be copied... yes
checking if a default CDS archive should be generated... yes
checking for number of cores... 8
checking for memory size... 8192 MB
checking for appropriate number of jobs to run in parallel... 8
checking flags for boot jdk java command ...  -Duser.language=en -Duser.country=US  -XX:+UnlockDiagnosticVMOptions -XX:-VerifySharedSpaces -XX:SharedArchiveFile=/Users/dongguabai/Desktop/temp/openjdk12/openjdk/build/macosx-x86_64-serverANDclient-slowdebug/configure-support/classes.jsa -Xshare:auto 
checking flags for boot jdk java command for big workloads...  -Xms64M -Xmx1600M -XX:ThreadStackSize=1536
checking flags for bootcycle boot jdk java command for big workloads... -Xms64M -Xmx1600M -XX:ThreadStackSize=1536
checking flags for boot jdk java command for small workloads...  -XX:+UseSerialGC -Xms32M -Xmx512M -XX:TieredStopAtLevel=1
checking whether to use sjavac... no
checking whether to use javac server... yes
checking If precompiled header is enabled... yes
checking is ccache enabled... yes
checking for ccache... /usr/local/bin/ccache
checking if C-compiler supports ccache precompiled headers... yes
checking if build directory is on local disk... yes
checking JVM features for JVM variant 'server'... "aot cds cmsgc compiler1 compiler2 dtrace epsilongc g1gc graal jfr jni-check jvmci jvmti management nmt parallelgc serialgc services shenandoahgc vm-structs"
checking JVM features for JVM variant 'client'... "cds cmsgc compiler1 dtrace epsilongc g1gc jfr jni-check jvmti management nmt parallelgc serialgc services shenandoahgc vm-structs"
configure: creating /Users/dongguabai/Desktop/temp/openjdk12/openjdk/build/macosx-x86_64-serverANDclient-slowdebug/configure-support/config.status
config.status: creating /Users/dongguabai/Desktop/temp/openjdk12/openjdk/build/macosx-x86_64-serverANDclient-slowdebug/spec.gmk
config.status: creating /Users/dongguabai/Desktop/temp/openjdk12/openjdk/build/macosx-x86_64-serverANDclient-slowdebug/bootcycle-spec.gmk
config.status: creating /Users/dongguabai/Desktop/temp/openjdk12/openjdk/build/macosx-x86_64-serverANDclient-slowdebug/buildjdk-spec.gmk
config.status: creating /Users/dongguabai/Desktop/temp/openjdk12/openjdk/build/macosx-x86_64-serverANDclient-slowdebug/compare.sh
config.status: creating /Users/dongguabai/Desktop/temp/openjdk12/openjdk/build/macosx-x86_64-serverANDclient-slowdebug/Makefile

====================================================
The existing configuration has been successfully updated in
/Users/dongguabai/Desktop/temp/openjdk12/openjdk/build/macosx-x86_64-serverANDclient-slowdebug
using configure arguments '--with-target-bits=64 --enable-ccache --with-jvm-variants=server,client --disable-warnings-as-errors --with-debug-level=slowdebug'.

Configuration summary:
* Debug level:    slowdebug
* HS debug level: debug
* JVM variants:   server client
* JVM features:   server: 'aot cds cmsgc compiler1 compiler2 dtrace epsilongc g1gc graal jfr jni-check jvmci jvmti management nmt parallelgc serialgc services shenandoahgc vm-structs' client: 'cds cmsgc compiler1 dtrace epsilongc g1gc jfr jni-check jvmti management nmt parallelgc serialgc services shenandoahgc vm-structs' 
* OpenJDK target: OS: macosx, CPU architecture: x86, address length: 64
* Version string: 12-internal+0-adhoc.root.openjdk (12-internal)

Tools summary:
* Boot JDK:       java version "11.0.2" 2019-01-15 LTS Java(TM) SE Runtime Environment 18.9 (build 11.0.2+9-LTS) Java HotSpot(TM) 64-Bit Server VM 18.9 (build 11.0.2+9-LTS, mixed mode)  (at /Users/dongguabai/develope/java11/JavaVirtualMachines/jdk-11.0.2.jdk/Contents/Home)
* Toolchain:      clang (clang/LLVM from Xcode 11.5)
* C Compiler:     Version 11.0.3 (at /usr/bin/clang)
* C++ Compiler:   Version 11.0.3 (at /usr/bin/clang++)

Build performance summary:
* Cores to use:   8
* Memory limit:   8192 MB
* ccache status:  Active (3.7.9)

NOTE: You have requested to build more than one version of the JVM, which
will result in longer build times.

WARNING: The result of this configuration has overridden an older
configuration. You *should* run 'make clean' to make sure you get a
proper build. Failure to do so might result in strange build problems.

